<?xml version="1.0" encoding="UTF-8"?>
<testsuites>
  <testsuite name="." tests="20" assertions="38" failures="1" errors="0" time="0.742562">
    <testsuite name="RPI\Framework\Test\WebServer\RPI\Framework\App\ConfigTest" file="/Users/matt/Sites/projects/rpi/WebServer/RPIFramework/Test/WebServer/RPIFramework/App/ConfigTest.php" namespace="RPI\Framework\Test\WebServer\RPI\Framework\App" fullPackage="RPIFramework.Test.WebServer.RPIFramework.App" tests="0" assertions="0" failures="0" errors="0" time="0.000000"/>
    <testsuite name="RPI\Framework\Test\WebServer\RPI\Framework\App\CookieTest" file="/Users/matt/Sites/projects/rpi/WebServer/RPIFramework/Test/WebServer/RPIFramework/App/CookieTest.php" namespace="RPI\Framework\Test\WebServer\RPI\Framework\App" fullPackage="RPIFramework.Test.WebServer.RPIFramework.App" tests="0" assertions="0" failures="0" errors="0" time="0.000000"/>
    <testsuite name="RPI\Framework\Test\WebServer\RPI\Framework\App\LocaleTest" file="/Users/matt/Sites/projects/rpi/WebServer/RPIFramework/Test/WebServer/RPIFramework/App/LocaleTest.php" namespace="RPI\Framework\Test\WebServer\RPI\Framework\App" fullPackage="RPIFramework.Test.WebServer.RPIFramework.App" tests="0" assertions="0" failures="0" errors="0" time="0.000000"/>
    <testsuite name="RPI\Framework\Test\WebServer\RPI\Framework\App\SessionTest" file="/Users/matt/Sites/projects/rpi/WebServer/RPIFramework/Test/WebServer/RPIFramework/App/SessionTest.php" namespace="RPI\Framework\Test\WebServer\RPI\Framework\App" fullPackage="RPIFramework.Test.WebServer.RPIFramework.App" tests="0" assertions="0" failures="0" errors="0" time="0.000000"/>
    <testsuite name="RPI\Framework\Test\WebServer\RPI\Framework\Cache\Data\Provider\ApcTest" file="/Users/matt/Sites/projects/rpi/WebServer/RPIFramework/Test/WebServer/RPIFramework/Cache/Data/Provider/ApcTest.php" namespace="RPI\Framework\Test\WebServer\RPI\Framework\Cache\Data\Provider" fullPackage="RPIFramework.Test.WebServer.RPIFramework.Cache.Data.Provider" tests="0" assertions="0" failures="0" errors="0" time="0.000000"/>
    <testsuite name="RPI\Framework\Test\WebServer\RPI\Framework\Cache\Data\Provider\MemCachedTest" file="/Users/matt/Sites/projects/rpi/WebServer/RPIFramework/Test/WebServer/RPIFramework/Cache/Data/Provider/MemCachedTest.php" namespace="RPI\Framework\Test\WebServer\RPI\Framework\Cache\Data\Provider" fullPackage="RPIFramework.Test.WebServer.RPIFramework.Cache.Data.Provider" tests="0" assertions="0" failures="0" errors="0" time="0.000000"/>
    <testsuite name="RPI\Framework\Test\WebServer\RPI\Framework\Cache\Data\StoreTest" file="/Users/matt/Sites/projects/rpi/WebServer/RPIFramework/Test/WebServer/RPIFramework/Cache/Data/StoreTest.php" namespace="RPI\Framework\Test\WebServer\RPI\Framework\Cache\Data" fullPackage="RPIFramework.Test.WebServer.RPIFramework.Cache.Data" tests="0" assertions="0" failures="0" errors="0" time="0.000000"/>
    <testsuite name="RPI\Framework\Test\WebServer\RPI\Framework\Cache\Front\StoreTest" file="/Users/matt/Sites/projects/rpi/WebServer/RPIFramework/Test/WebServer/RPIFramework/Cache/Front/StoreTest.php" namespace="RPI\Framework\Test\WebServer\RPI\Framework\Cache\Front" fullPackage="RPIFramework.Test.WebServer.RPIFramework.Cache.Front" tests="2" assertions="5" failures="0" errors="0" time="0.144981">
      <testcase name="testGetProvider" class="RPI\Framework\Test\WebServer\RPI\Framework\Cache\Front\StoreTest" file="/Users/matt/Sites/projects/rpi/WebServer/RPIFramework/Test/WebServer/RPIFramework/Cache/Front/StoreTest.php" line="42" assertions="1" time="0.058051"/>
      <testcase name="testfetchContentWithTimestamp" class="RPI\Framework\Test\WebServer\RPI\Framework\Cache\Front\StoreTest" file="/Users/matt/Sites/projects/rpi/WebServer/RPIFramework/Test/WebServer/RPIFramework/Cache/Front/StoreTest.php" line="90" assertions="4" time="0.086930"/>
    </testsuite>
    <testsuite name="RPI\Framework\Test\WebServer\RPI\Framework\ComponentTest" file="/Users/matt/Sites/projects/rpi/WebServer/RPIFramework/Test/WebServer/RPIFramework/ComponentTest.php" namespace="RPI\Framework\Test\WebServer\RPIFramework" fullPackage="RPIFramework.Test.WebServer.RPIFramework" tests="0" assertions="0" failures="0" errors="0" time="0.000000"/>
    <testsuite name="RPI\Framework\Test\WebServer\RPI\Framework\ControllerTest" file="/Users/matt/Sites/projects/rpi/WebServer/RPIFramework/Test/WebServer/RPIFramework/ControllerTest.php" namespace="RPI\Framework\Test\WebServer\RPIFramework" fullPackage="RPIFramework.Test.WebServer.RPIFramework" tests="0" assertions="0" failures="0" errors="0" time="0.000000"/>
    <testsuite name="RPI\Framework\Test\WebServer\RPI\Framework\Exceptions\AuthenticationTest" file="/Users/matt/Sites/projects/rpi/WebServer/RPIFramework/Test/WebServer/RPIFramework/Exceptions/AuthenticationTest.php" namespace="RPI\Framework\Test\WebServer\RPI\Framework\Exceptions" fullPackage="RPIFramework.Test.WebServer.RPIFramework.Exceptions" tests="0" assertions="0" failures="0" errors="0" time="0.000000"/>
    <testsuite name="RPI\Framework\Test\WebServer\RPI\Framework\Exceptions\AuthorizationTest" file="/Users/matt/Sites/projects/rpi/WebServer/RPIFramework/Test/WebServer/RPIFramework/Exceptions/AuthorizationTest.php" namespace="RPI\Framework\Test\WebServer\RPI\Framework\Exceptions" fullPackage="RPIFramework.Test.WebServer.RPIFramework.Exceptions" tests="0" assertions="0" failures="0" errors="0" time="0.000000"/>
    <testsuite name="RPI\Framework\Test\WebServer\RPI\Framework\Exceptions\CookieTest" file="/Users/matt/Sites/projects/rpi/WebServer/RPIFramework/Test/WebServer/RPIFramework/Exceptions/CookieTest.php" namespace="RPI\Framework\Test\WebServer\RPI\Framework\Exceptions" fullPackage="RPIFramework.Test.WebServer.RPIFramework.Exceptions" tests="0" assertions="0" failures="0" errors="0" time="0.000000"/>
    <testsuite name="RPI\Framework\Test\WebServer\RPI\Framework\Exceptions\DuplicateTest" file="/Users/matt/Sites/projects/rpi/WebServer/RPIFramework/Test/WebServer/RPIFramework/Exceptions/DuplicateTest.php" namespace="RPI\Framework\Test\WebServer\RPI\Framework\Exceptions" fullPackage="RPIFramework.Test.WebServer.RPIFramework.Exceptions" tests="0" assertions="0" failures="0" errors="0" time="0.000000"/>
    <testsuite name="RPI\Framework\Test\WebServer\RPI\Framework\Exceptions\ForbiddenTest" file="/Users/matt/Sites/projects/rpi/WebServer/RPIFramework/Test/WebServer/RPIFramework/Exceptions/ForbiddenTest.php" namespace="RPI\Framework\Test\WebServer\RPI\Framework\Exceptions" fullPackage="RPIFramework.Test.WebServer.RPIFramework.Exceptions" tests="0" assertions="0" failures="0" errors="0" time="0.000000"/>
    <testsuite name="RPI\Framework\Test\WebServer\RPI\Framework\Exceptions\GeneralTest" file="/Users/matt/Sites/projects/rpi/WebServer/RPIFramework/Test/WebServer/RPIFramework/Exceptions/GeneralTest.php" namespace="RPI\Framework\Test\WebServer\RPI\Framework\Exceptions" fullPackage="RPIFramework.Test.WebServer.RPIFramework.Exceptions" tests="0" assertions="0" failures="0" errors="0" time="0.000000"/>
    <testsuite name="RPI\Framework\Test\WebServer\RPI\Framework\Exceptions\InvalidParameterTest" file="/Users/matt/Sites/projects/rpi/WebServer/RPIFramework/Test/WebServer/RPIFramework/Exceptions/InvalidParameterTest.php" namespace="RPI\Framework\Test\WebServer\RPI\Framework\Exceptions" fullPackage="RPIFramework.Test.WebServer.RPIFramework.Exceptions" tests="0" assertions="0" failures="0" errors="0" time="0.000000"/>
    <testsuite name="RPI\Framework\Test\WebServer\RPI\Framework\Exceptions\NotImplementedTest" file="/Users/matt/Sites/projects/rpi/WebServer/RPIFramework/Test/WebServer/RPIFramework/Exceptions/NotImplementedTest.php" namespace="RPI\Framework\Test\WebServer\RPI\Framework\Exceptions" fullPackage="RPIFramework.Test.WebServer.RPIFramework.Exceptions" tests="0" assertions="0" failures="0" errors="0" time="0.000000"/>
    <testsuite name="RPI\Framework\Test\WebServer\RPI\Framework\Exceptions\PageNotFoundTest" file="/Users/matt/Sites/projects/rpi/WebServer/RPIFramework/Test/WebServer/RPIFramework/Exceptions/PageNotFoundTest.php" namespace="RPI\Framework\Test\WebServer\RPI\Framework\Exceptions" fullPackage="RPIFramework.Test.WebServer.RPIFramework.Exceptions" tests="0" assertions="0" failures="0" errors="0" time="0.000000"/>
    <testsuite name="RPI\Framework\Test\WebServer\RPI\Framework\Exceptions\SerializeTest" file="/Users/matt/Sites/projects/rpi/WebServer/RPIFramework/Test/WebServer/RPIFramework/Exceptions/SerializeTest.php" namespace="RPI\Framework\Test\WebServer\RPI\Framework\Exceptions" fullPackage="RPIFramework.Test.WebServer.RPIFramework.Exceptions" tests="0" assertions="0" failures="0" errors="0" time="0.000000"/>
    <testsuite name="RPI\Framework\Test\WebServer\RPI\Framework\Form\ButtonTest" file="/Users/matt/Sites/projects/rpi/WebServer/RPIFramework/Test/WebServer/RPIFramework/Form/ButtonTest.php" namespace="RPI\Framework\Test\WebServer\RPI\Framework\Form" fullPackage="RPIFramework.Test.WebServer.RPIFramework.Form" tests="0" assertions="0" failures="0" errors="0" time="0.000000"/>
    <testsuite name="RPI\Framework\Test\WebServer\RPI\Framework\Form\FormItem\CaptchaTest" file="/Users/matt/Sites/projects/rpi/WebServer/RPIFramework/Test/WebServer/RPIFramework/Form/FormItem/CaptchaTest.php" namespace="RPI\Framework\Test\WebServer\RPI\Framework\Form\FormItem" fullPackage="RPIFramework.Test.WebServer.RPIFramework.Form.FormItem" tests="0" assertions="0" failures="0" errors="0" time="0.000000"/>
    <testsuite name="RPI\Framework\Test\WebServer\RPI\Framework\Form\FormItem\CheckboxTest" file="/Users/matt/Sites/projects/rpi/WebServer/RPIFramework/Test/WebServer/RPIFramework/Form/FormItem/CheckboxTest.php" namespace="RPI\Framework\Test\WebServer\RPI\Framework\Form\FormItem" fullPackage="RPIFramework.Test.WebServer.RPIFramework.Form.FormItem" tests="0" assertions="0" failures="0" errors="0" time="0.000000"/>
    <testsuite name="RPI\Framework\Test\WebServer\RPI\Framework\Form\FormItem\DateTest" file="/Users/matt/Sites/projects/rpi/WebServer/RPIFramework/Test/WebServer/RPIFramework/Form/FormItem/DateTest.php" namespace="RPI\Framework\Test\WebServer\RPI\Framework\Form\FormItem" fullPackage="RPIFramework.Test.WebServer.RPIFramework.Form.FormItem" tests="0" assertions="0" failures="0" errors="0" time="0.000000"/>
    <testsuite name="RPI\Framework\Test\WebServer\RPI\Framework\Form\FormItem\FileTest" file="/Users/matt/Sites/projects/rpi/WebServer/RPIFramework/Test/WebServer/RPIFramework/Form/FormItem/FileTest.php" namespace="RPI\Framework\Test\WebServer\RPI\Framework\Form\FormItem" fullPackage="RPIFramework.Test.WebServer.RPIFramework.Form.FormItem" tests="0" assertions="0" failures="0" errors="0" time="0.000000"/>
    <testsuite name="RPI\Framework\Test\WebServer\RPI\Framework\Form\FormItem\InputTest" file="/Users/matt/Sites/projects/rpi/WebServer/RPIFramework/Test/WebServer/RPIFramework/Form/FormItem/InputTest.php" namespace="RPI\Framework\Test\WebServer\RPI\Framework\Form\FormItem" fullPackage="RPIFramework.Test.WebServer.RPIFramework.Form.FormItem" tests="0" assertions="0" failures="0" errors="0" time="0.000000"/>
    <testsuite name="RPI\Framework\Test\WebServer\RPI\Framework\Form\FormItem\Radio\OptionTest" file="/Users/matt/Sites/projects/rpi/WebServer/RPIFramework/Test/WebServer/RPIFramework/Form/FormItem/Radio/OptionTest.php" namespace="RPI\Framework\Test\WebServer\RPI\Framework\Form\FormItem\Radio" fullPackage="RPIFramework.Test.WebServer.RPIFramework.Form.FormItem.Radio" tests="0" assertions="0" failures="0" errors="0" time="0.000000"/>
    <testsuite name="RPI\Framework\Test\WebServer\RPI\Framework\Form\FormItem\RadioTest" file="/Users/matt/Sites/projects/rpi/WebServer/RPIFramework/Test/WebServer/RPIFramework/Form/FormItem/RadioTest.php" namespace="RPI\Framework\Test\WebServer\RPI\Framework\Form\FormItem" fullPackage="RPIFramework.Test.WebServer.RPIFramework.Form.FormItem" tests="0" assertions="0" failures="0" errors="0" time="0.000000"/>
    <testsuite name="RPI\Framework\Test\WebServer\RPI\Framework\Form\FormItem\Select\GroupTest" file="/Users/matt/Sites/projects/rpi/WebServer/RPIFramework/Test/WebServer/RPIFramework/Form/FormItem/Select/GroupTest.php" namespace="RPI\Framework\Test\WebServer\RPI\Framework\Form\FormItem\Select" fullPackage="RPIFramework.Test.WebServer.RPIFramework.Form.FormItem.Select" tests="0" assertions="0" failures="0" errors="0" time="0.000000"/>
    <testsuite name="RPI\Framework\Test\WebServer\RPI\Framework\Form\FormItem\Select\OptionTest" file="/Users/matt/Sites/projects/rpi/WebServer/RPIFramework/Test/WebServer/RPIFramework/Form/FormItem/Select/OptionTest.php" namespace="RPI\Framework\Test\WebServer\RPI\Framework\Form\FormItem\Select" fullPackage="RPIFramework.Test.WebServer.RPIFramework.Form.FormItem.Select" tests="0" assertions="0" failures="0" errors="0" time="0.000000"/>
    <testsuite name="RPI\Framework\Test\WebServer\RPI\Framework\Form\FormItem\SelectTest" file="/Users/matt/Sites/projects/rpi/WebServer/RPIFramework/Test/WebServer/RPIFramework/Form/FormItem/SelectTest.php" namespace="RPI\Framework\Test\WebServer\RPI\Framework\Form\FormItem" fullPackage="RPIFramework.Test.WebServer.RPIFramework.Form.FormItem" tests="0" assertions="0" failures="0" errors="0" time="0.000000"/>
    <testsuite name="RPI\Framework\Test\WebServer\RPI\Framework\Form\FormItemTest" file="/Users/matt/Sites/projects/rpi/WebServer/RPIFramework/Test/WebServer/RPIFramework/Form/FormItemTest.php" namespace="RPI\Framework\Test\WebServer\RPI\Framework\Form" fullPackage="RPIFramework.Test.WebServer.RPIFramework.Form" tests="0" assertions="0" failures="0" errors="0" time="0.000000"/>
    <testsuite name="RPI\Framework\Test\WebServer\RPI\Framework\Form\HandlerTest" file="/Users/matt/Sites/projects/rpi/WebServer/RPIFramework/Test/WebServer/RPIFramework/Form/HandlerTest.php" namespace="RPI\Framework\Test\WebServer\RPI\Framework\Form" fullPackage="RPIFramework.Test.WebServer.RPIFramework.Form" tests="0" assertions="0" failures="0" errors="0" time="0.000000"/>
    <testsuite name="RPI\Framework\Test\WebServer\RPI\Framework\Form\StateTest" file="/Users/matt/Sites/projects/rpi/WebServer/RPIFramework/Test/WebServer/RPIFramework/Form/StateTest.php" namespace="RPI\Framework\Test\WebServer\RPI\Framework\Form" fullPackage="RPIFramework.Test.WebServer.RPIFramework.Form" tests="0" assertions="0" failures="0" errors="0" time="0.000000"/>
    <testsuite name="RPI\Framework\Test\WebServer\RPI\Framework\Form\Validator\ComparisonTest" file="/Users/matt/Sites/projects/rpi/WebServer/RPIFramework/Test/WebServer/RPIFramework/Form/Validator/ComparisonTest.php" namespace="RPI\Framework\Test\WebServer\RPI\Framework\Form\Validator" fullPackage="RPIFramework.Test.WebServer.RPIFramework.Form.Validator" tests="0" assertions="0" failures="0" errors="0" time="0.000000"/>
    <testsuite name="RPI\Framework\Test\WebServer\RPI\Framework\Form\Validator\ConfirmTest" file="/Users/matt/Sites/projects/rpi/WebServer/RPIFramework/Test/WebServer/RPIFramework/Form/Validator/ConfirmTest.php" namespace="RPI\Framework\Test\WebServer\RPI\Framework\Form\Validator" fullPackage="RPIFramework.Test.WebServer.RPIFramework.Form.Validator" tests="0" assertions="0" failures="0" errors="0" time="0.000000"/>
    <testsuite name="RPI\Framework\Test\WebServer\RPI\Framework\Form\Validator\IsRequiredTest" file="/Users/matt/Sites/projects/rpi/WebServer/RPIFramework/Test/WebServer/RPIFramework/Form/Validator/IsRequiredTest.php" namespace="RPI\Framework\Test\WebServer\RPI\Framework\Form\Validator" fullPackage="RPIFramework.Test.WebServer.RPIFramework.Form.Validator" tests="0" assertions="0" failures="0" errors="0" time="0.000000"/>
    <testsuite name="RPI\Framework\Test\WebServer\RPI\Framework\Form\Validator\RegularExpressionTest" file="/Users/matt/Sites/projects/rpi/WebServer/RPIFramework/Test/WebServer/RPIFramework/Form/Validator/RegularExpressionTest.php" namespace="RPI\Framework\Test\WebServer\RPI\Framework\Form\Validator" fullPackage="RPIFramework.Test.WebServer.RPIFramework.Form.Validator" tests="0" assertions="0" failures="0" errors="0" time="0.000000"/>
    <testsuite name="RPI\Framework\Test\WebServer\RPI\Framework\Form\Validator\Standard\TypeTest" file="/Users/matt/Sites/projects/rpi/WebServer/RPIFramework/Test/WebServer/RPIFramework/Form/Validator/Standard/TypeTest.php" namespace="RPI\Framework\Test\WebServer\RPI\Framework\Form\Validator\Standard" fullPackage="RPIFramework.Test.WebServer.RPIFramework.Form.Validator.Standard" tests="0" assertions="0" failures="0" errors="0" time="0.000000"/>
    <testsuite name="RPI\Framework\Test\WebServer\RPI\Framework\Form\Validator\StandardTest" file="/Users/matt/Sites/projects/rpi/WebServer/RPIFramework/Test/WebServer/RPIFramework/Form/Validator/StandardTest.php" namespace="RPI\Framework\Test\WebServer\RPI\Framework\Form\Validator" fullPackage="RPIFramework.Test.WebServer.RPIFramework.Form.Validator" tests="0" assertions="0" failures="0" errors="0" time="0.000000"/>
    <testsuite name="RPI\Framework\Test\WebServer\RPI\Framework\Form\ValidatorTest" file="/Users/matt/Sites/projects/rpi/WebServer/RPIFramework/Test/WebServer/RPIFramework/Form/ValidatorTest.php" namespace="RPI\Framework\Test\WebServer\RPI\Framework\Form" fullPackage="RPIFramework.Test.WebServer.RPIFramework.Form" tests="0" assertions="0" failures="0" errors="0" time="0.000000"/>
    <testsuite name="RPI\Framework\Test\WebServer\RPI\Framework\FormTest" file="/Users/matt/Sites/projects/rpi/WebServer/RPIFramework/Test/WebServer/RPIFramework/FormTest.php" namespace="RPI\Framework\Test\WebServer\RPIFramework" fullPackage="RPIFramework.Test.WebServer.RPIFramework" tests="0" assertions="0" failures="0" errors="0" time="0.000000"/>
    <testsuite name="RPI\Framework\Test\WebServer\RPI\Framework\Helpers\CryptTest" file="/Users/matt/Sites/projects/rpi/WebServer/RPIFramework/Test/WebServer/RPIFramework/Helpers/CryptTest.php" namespace="RPI\Framework\Test\WebServer\RPI\Framework\Helpers" fullPackage="RPIFramework.Test.WebServer.RPIFramework.Helpers" tests="0" assertions="0" failures="0" errors="0" time="0.000000"/>
    <testsuite name="RPI\Framework\Test\WebServer\RPI\Framework\Helpers\DomTest" file="/Users/matt/Sites/projects/rpi/WebServer/RPIFramework/Test/WebServer/RPIFramework/Helpers/DomTest.php" namespace="RPI\Framework\Test\WebServer\RPI\Framework\Helpers" fullPackage="RPIFramework.Test.WebServer.RPIFramework.Helpers" tests="5" assertions="12" failures="0" errors="0" time="0.090167">
      <testcase name="testAddElement" class="RPI\Framework\Test\WebServer\RPI\Framework\Helpers\DomTest" file="/Users/matt/Sites/projects/rpi/WebServer/RPIFramework/Test/WebServer/RPIFramework/Helpers/DomTest.php" line="27" assertions="6" time="0.003969"/>
      <testcase name="testAddAttributeToElement" class="RPI\Framework\Test\WebServer\RPI\Framework\Helpers\DomTest" file="/Users/matt/Sites/projects/rpi/WebServer/RPIFramework/Test/WebServer/RPIFramework/Helpers/DomTest.php" line="45" assertions="1" time="0.003702"/>
      <testcase name="testAddTextToElement" class="RPI\Framework\Test\WebServer\RPI\Framework\Helpers\DomTest" file="/Users/matt/Sites/projects/rpi/WebServer/RPIFramework/Test/WebServer/RPIFramework/Helpers/DomTest.php" line="55" assertions="1" time="0.004656"/>
      <testcase name="testSerializeToDom" class="RPI\Framework\Test\WebServer\RPI\Framework\Helpers\DomTest" file="/Users/matt/Sites/projects/rpi/WebServer/RPIFramework/Test/WebServer/RPIFramework/Helpers/DomTest.php" line="65" assertions="3" time="0.068865"/>
      <testcase name="testDeserializeToArray" class="RPI\Framework\Test\WebServer\RPI\Framework\Helpers\DomTest" file="/Users/matt/Sites/projects/rpi/WebServer/RPIFramework/Test/WebServer/RPIFramework/Helpers/DomTest.php" line="92" assertions="1" time="0.008975"/>
    </testsuite>
    <testsuite name="RPI\Framework\Test\WebServer\RPI\Framework\Helpers\FileUtilsTest" file="/Users/matt/Sites/projects/rpi/WebServer/RPIFramework/Test/WebServer/RPIFramework/Helpers/FileUtilsTest.php" namespace="RPI\Framework\Test\WebServer\RPI\Framework\Helpers" fullPackage="RPIFramework.Test.WebServer.RPIFramework.Helpers" tests="0" assertions="0" failures="0" errors="0" time="0.000000"/>
    <testsuite name="RPI\Framework\Test\WebServer\RPI\Framework\Helpers\HTMLTest" file="/Users/matt/Sites/projects/rpi/WebServer/RPIFramework/Test/WebServer/RPIFramework/Helpers/HTMLTest.php" namespace="RPI\Framework\Test\WebServer\RPI\Framework\Helpers" fullPackage="RPIFramework.Test.WebServer.RPIFramework.Helpers" tests="1" assertions="2" failures="1" errors="0" time="0.062467">
      <testcase name="testParseHTML" class="RPI\Framework\Test\WebServer\RPI\Framework\Helpers\HTMLTest" file="/Users/matt/Sites/projects/rpi/WebServer/RPIFramework/Test/WebServer/RPIFramework/Helpers/HTMLTest.php" line="36" assertions="2" time="0.062467">
        <failure type="PHPUnit_Framework_ExpectationFailedException">RPI\Framework\Test\WebServer\RPI\Framework\Helpers\HTMLTest::testParseHTML
Number of child nodes of "body" differs
Failed asserting that 18 matches expected 13.

/Users/matt/Sites/projects/rpi/WebServer/RPIFramework/Test/WebServer/RPIFramework/Helpers/HTMLTest.php:117
</failure>
      </testcase>
    </testsuite>
    <testsuite name="RPI\Framework\Test\WebServer\RPI\Framework\Helpers\ImageTest" file="/Users/matt/Sites/projects/rpi/WebServer/RPIFramework/Test/WebServer/RPIFramework/Helpers/ImageTest.php" namespace="RPI\Framework\Test\WebServer\RPI\Framework\Helpers" fullPackage="RPIFramework.Test.WebServer.RPIFramework.Helpers" tests="0" assertions="0" failures="0" errors="0" time="0.000000"/>
    <testsuite name="RPI\Framework\Test\WebServer\RPI\Framework\Helpers\LockingTest" file="/Users/matt/Sites/projects/rpi/WebServer/RPIFramework/Test/WebServer/RPIFramework/Helpers/LockingTest.php" namespace="RPI\Framework\Test\WebServer\RPI\Framework\Helpers" fullPackage="RPIFramework.Test.WebServer.RPIFramework.Helpers" tests="0" assertions="0" failures="0" errors="0" time="0.000000"/>
    <testsuite name="RPI\Framework\Test\WebServer\RPI\Framework\Helpers\PaginationTest" file="/Users/matt/Sites/projects/rpi/WebServer/RPIFramework/Test/WebServer/RPIFramework/Helpers/PaginationTest.php" namespace="RPI\Framework\Test\WebServer\RPI\Framework\Helpers" fullPackage="RPIFramework.Test.WebServer.RPIFramework.Helpers" tests="0" assertions="0" failures="0" errors="0" time="0.000000"/>
    <testsuite name="RPI\Framework\Test\WebServer\RPI\Framework\Helpers\PasswordTest" file="/Users/matt/Sites/projects/rpi/WebServer/RPIFramework/Test/WebServer/RPIFramework/Helpers/PasswordTest.php" namespace="RPI\Framework\Test\WebServer\RPI\Framework\Helpers" fullPackage="RPIFramework.Test.WebServer.RPIFramework.Helpers" tests="0" assertions="0" failures="0" errors="0" time="0.000000"/>
    <testsuite name="RPI\Framework\Test\WebServer\RPI\Framework\Helpers\ReflectionTest" file="/Users/matt/Sites/projects/rpi/WebServer/RPIFramework/Test/WebServer/RPIFramework/Helpers/ReflectionTest.php" namespace="RPI\Framework\Test\WebServer\RPI\Framework\Helpers" fullPackage="RPIFramework.Test.WebServer.RPIFramework.Helpers" tests="0" assertions="0" failures="0" errors="0" time="0.000000"/>
    <testsuite name="RPI\Framework\Test\WebServer\RPI\Framework\Helpers\UtilsTest" file="/Users/matt/Sites/projects/rpi/WebServer/RPIFramework/Test/WebServer/RPIFramework/Helpers/UtilsTest.php" namespace="RPI\Framework\Test\WebServer\RPI\Framework\Helpers" fullPackage="RPIFramework.Test.WebServer.RPIFramework.Helpers" tests="7" assertions="14" failures="0" errors="0" time="0.388439">
      <testcase name="testGetPostValueReturnsString" class="RPI\Framework\Test\WebServer\RPI\Framework\Helpers\UtilsTest" file="/Users/matt/Sites/projects/rpi/WebServer/RPIFramework/Test/WebServer/RPIFramework/Helpers/UtilsTest.php" line="56" assertions="1" time="0.004365"/>
      <testcase name="testGetPostValueReturnsNumber" class="RPI\Framework\Test\WebServer\RPI\Framework\Helpers\UtilsTest" file="/Users/matt/Sites/projects/rpi/WebServer/RPIFramework/Test/WebServer/RPIFramework/Helpers/UtilsTest.php" line="61" assertions="1" time="0.004369"/>
      <testcase name="testGetSafeValue" class="RPI\Framework\Test\WebServer\RPI\Framework\Helpers\UtilsTest" file="/Users/matt/Sites/projects/rpi/WebServer/RPIFramework/Test/WebServer/RPIFramework/Helpers/UtilsTest.php" line="86" assertions="1" time="0.004008"/>
      <testcase name="testGetNamedValueValidNoDefaultValue" class="RPI\Framework\Test\WebServer\RPI\Framework\Helpers\UtilsTest" file="/Users/matt/Sites/projects/rpi/WebServer/RPIFramework/Test/WebServer/RPIFramework/Helpers/UtilsTest.php" line="91" assertions="1" time="0.004070"/>
      <testcase name="testGetNamedValueUnknownKeyNoDefaultValue" class="RPI\Framework\Test\WebServer\RPI\Framework\Helpers\UtilsTest" file="/Users/matt/Sites/projects/rpi/WebServer/RPIFramework/Test/WebServer/RPIFramework/Helpers/UtilsTest.php" line="96" assertions="1" time="0.362983"/>
      <testcase name="testGetNamedValueUnknownKeyDefaulValuet" class="RPI\Framework\Test\WebServer\RPI\Framework\Helpers\UtilsTest" file="/Users/matt/Sites/projects/rpi/WebServer/RPIFramework/Test/WebServer/RPIFramework/Helpers/UtilsTest.php" line="101" assertions="1" time="0.004239"/>
      <testcase name="testFormatCamelCaseTitle" class="RPI\Framework\Test\WebServer\RPI\Framework\Helpers\UtilsTest" file="/Users/matt/Sites/projects/rpi/WebServer/RPIFramework/Test/WebServer/RPIFramework/Helpers/UtilsTest.php" line="226" assertions="8" time="0.004405"/>
    </testsuite>
    <testsuite name="RPI\Framework\Test\WebServer\RPI\Framework\Helpers\UuidTest" file="/Users/matt/Sites/projects/rpi/WebServer/RPIFramework/Test/WebServer/RPIFramework/Helpers/UuidTest.php" namespace="RPI\Framework\Test\WebServer\RPI\Framework\Helpers" fullPackage="RPIFramework.Test.WebServer.RPIFramework.Helpers" tests="0" assertions="0" failures="0" errors="0" time="0.000000"/>
    <testsuite name="RPI\Framework\Test\WebServer\RPI\Framework\Helpers\ViewTest" file="/Users/matt/Sites/projects/rpi/WebServer/RPIFramework/Test/WebServer/RPIFramework/Helpers/ViewTest.php" namespace="RPI\Framework\Test\WebServer\RPI\Framework\Helpers" fullPackage="RPIFramework.Test.WebServer.RPIFramework.Helpers" tests="0" assertions="0" failures="0" errors="0" time="0.000000"/>
    <testsuite name="RPI\Framework\Test\WebServer\RPI\Framework\Services\Content\ContentXMLTest" file="/Users/matt/Sites/projects/rpi/WebServer/RPIFramework/Test/WebServer/RPIFramework/Services/Content/ContentXMLTest.php" namespace="RPI\Framework\Test\WebServer\RPI\Framework\Services\Content" fullPackage="RPIFramework.Test.WebServer.RPIFramework.Services.Content" tests="0" assertions="0" failures="0" errors="0" time="0.000000"/>
    <testsuite name="RPI\Framework\Test\WebServer\RPI\Framework\Services\Localisation\TMXTest" file="/Users/matt/Sites/projects/rpi/WebServer/RPIFramework/Test/WebServer/RPIFramework/Services/Localisation/TMXTest.php" namespace="RPI\Framework\Test\WebServer\RPI\Framework\Services\Localisation" fullPackage="RPIFramework.Test.WebServer.RPIFramework.Services.Localisation" tests="0" assertions="0" failures="0" errors="0" time="0.000000"/>
    <testsuite name="RPI\Framework\Test\WebServer\RPI\Framework\Services\Navigation\StoreTest" file="/Users/matt/Sites/projects/rpi/WebServer/RPIFramework/Test/WebServer/RPIFramework/Services/Navigation/StoreTest.php" namespace="RPI\Framework\Test\WebServer\RPI\Framework\Services\Navigation" fullPackage="RPIFramework.Test.WebServer.RPIFramework.Services.Navigation" tests="5" assertions="5" failures="0" errors="0" time="0.056508">
      <testcase name="testGetNavigation" class="RPI\Framework\Test\WebServer\RPI\Framework\Services\Navigation\StoreTest" file="/Users/matt/Sites/projects/rpi/WebServer/RPIFramework/Test/WebServer/RPIFramework/Services/Navigation/StoreTest.php" line="79" assertions="1" time="0.006094"/>
      <testcase name="testUpdateNavigation" class="RPI\Framework\Test\WebServer\RPI\Framework\Services\Navigation\StoreTest" file="/Users/matt/Sites/projects/rpi/WebServer/RPIFramework/Test/WebServer/RPIFramework/Services/Navigation/StoreTest.php" line="114" assertions="2" time="0.027711"/>
      <testcase name="testUpdateNavigation_stored" class="RPI\Framework\Test\WebServer\RPI\Framework\Services\Navigation\StoreTest" file="/Users/matt/Sites/projects/rpi/WebServer/RPIFramework/Test/WebServer/RPIFramework/Services/Navigation/StoreTest.php" line="150" assertions="1" time="0.006483"/>
      <testcase name="testGetTimestamp" class="RPI\Framework\Test\WebServer\RPI\Framework\Services\Navigation\StoreTest" file="/Users/matt/Sites/projects/rpi/WebServer/RPIFramework/Test/WebServer/RPIFramework/Services/Navigation/StoreTest.php" line="186" assertions="1" time="0.003591"/>
      <testcase name="testCleanup" class="RPI\Framework\Test\WebServer\RPI\Framework\Services\Navigation\StoreTest" file="/Users/matt/Sites/projects/rpi/WebServer/RPIFramework/Test/WebServer/RPIFramework/Services/Navigation/StoreTest.php" line="197" assertions="0" time="0.012629"/>
    </testsuite>
    <testsuite name="RPI\Framework\Test\WebServer\RPI\Framework\Services\ServiceTest" file="/Users/matt/Sites/projects/rpi/WebServer/RPIFramework/Test/WebServer/RPIFramework/Services/ServiceTest.php" namespace="RPI\Framework\Test\WebServer\RPI\Framework\Services" fullPackage="RPIFramework.Test.WebServer.RPIFramework.Services" tests="0" assertions="0" failures="0" errors="0" time="0.000000"/>
    <testsuite name="RPI\Framework\Test\WebServer\RPI\Framework\Services\ServiceXMLTest" file="/Users/matt/Sites/projects/rpi/WebServer/RPIFramework/Test/WebServer/RPIFramework/Services/ServiceXMLTest.php" namespace="RPI\Framework\Test\WebServer\RPI\Framework\Services" fullPackage="RPIFramework.Test.WebServer.RPIFramework.Services" tests="0" assertions="0" failures="0" errors="0" time="0.000000"/>
    <testsuite name="RPI\Framework\Test\WebServer\RPI\Framework\Views\Php\ViewTest" file="/Users/matt/Sites/projects/rpi/WebServer/RPIFramework/Test/WebServer/RPIFramework/Views/Php/ViewTest.php" namespace="RPI\Framework\Test\WebServer\RPI\Framework\Views\Php" fullPackage="RPIFramework.Test.WebServer.RPIFramework.Views.Php" tests="0" assertions="0" failures="0" errors="0" time="0.000000"/>
    <testsuite name="RPI\Framework\Test\WebServer\RPI\Framework\Views\Smarty\ViewTest" file="/Users/matt/Sites/projects/rpi/WebServer/RPIFramework/Test/WebServer/RPIFramework/Views/Smarty/ViewTest.php" namespace="RPI\Framework\Test\WebServer\RPI\Framework\Views\Smarty" fullPackage="RPIFramework.Test.WebServer.RPIFramework.Views.Smarty" tests="0" assertions="0" failures="0" errors="0" time="0.000000"/>
    <testsuite name="RPI\Framework\Test\WebServer\RPI\Framework\Views\Xsl\ViewTest" file="/Users/matt/Sites/projects/rpi/WebServer/RPIFramework/Test/WebServer/RPIFramework/Views/Xsl/ViewTest.php" namespace="RPI\Framework\Test\WebServer\RPI\Framework\Views\Xsl" fullPackage="RPIFramework.Test.WebServer.RPIFramework.Views.Xsl" tests="0" assertions="0" failures="0" errors="0" time="0.000000"/>
    <testsuite name="RPI\Framework\Test\WebServer\RPI\Framework\WebService\ClientTest" file="/Users/matt/Sites/projects/rpi/WebServer/RPIFramework/Test/WebServer/RPIFramework/WebService/ClientTest.php" namespace="RPI\Framework\Test\WebServer\RPI\Framework\WebService" fullPackage="RPIFramework.Test.WebServer.RPIFramework.WebService" tests="0" assertions="0" failures="0" errors="0" time="0.000000"/>
    <testsuite name="RPI\Framework\Test\WebServer\RPI\Framework\WebService\ContextTest" file="/Users/matt/Sites/projects/rpi/WebServer/RPIFramework/Test/WebServer/RPIFramework/WebService/ContextTest.php" namespace="RPI\Framework\Test\WebServer\RPI\Framework\WebService" fullPackage="RPIFramework.Test.WebServer.RPIFramework.WebService" tests="0" assertions="0" failures="0" errors="0" time="0.000000"/>
    <testsuite name="RPI\Framework\Test\WebServer\RPI\Framework\WebService\Exceptions\AuthenticationTest" file="/Users/matt/Sites/projects/rpi/WebServer/RPIFramework/Test/WebServer/RPIFramework/WebService/Exceptions/AuthenticationTest.php" namespace="RPI\Framework\Test\WebServer\RPI\Framework\WebService\Exceptions" fullPackage="RPIFramework.Test.WebServer.RPIFramework.WebService.Exceptions" tests="0" assertions="0" failures="0" errors="0" time="0.000000"/>
    <testsuite name="RPI\Framework\Test\WebServer\RPI\Framework\WebService\Exceptions\AuthorizationTest" file="/Users/matt/Sites/projects/rpi/WebServer/RPIFramework/Test/WebServer/RPIFramework/WebService/Exceptions/AuthorizationTest.php" namespace="RPI\Framework\Test\WebServer\RPI\Framework\WebService\Exceptions" fullPackage="RPIFramework.Test.WebServer.RPIFramework.WebService.Exceptions" tests="0" assertions="0" failures="0" errors="0" time="0.000000"/>
    <testsuite name="RPI\Framework\Test\WebServer\RPI\Framework\WebService\Exceptions\ForbiddenTest" file="/Users/matt/Sites/projects/rpi/WebServer/RPIFramework/Test/WebServer/RPIFramework/WebService/Exceptions/ForbiddenTest.php" namespace="RPI\Framework\Test\WebServer\RPI\Framework\WebService\Exceptions" fullPackage="RPIFramework.Test.WebServer.RPIFramework.WebService.Exceptions" tests="0" assertions="0" failures="0" errors="0" time="0.000000"/>
    <testsuite name="RPI\Framework\Test\WebServer\RPI\Framework\WebService\Exceptions\GenericTest" file="/Users/matt/Sites/projects/rpi/WebServer/RPIFramework/Test/WebServer/RPIFramework/WebService/Exceptions/GenericTest.php" namespace="RPI\Framework\Test\WebServer\RPI\Framework\WebService\Exceptions" fullPackage="RPIFramework.Test.WebServer.RPIFramework.WebService.Exceptions" tests="0" assertions="0" failures="0" errors="0" time="0.000000"/>
    <testsuite name="RPI\Framework\Test\WebServer\RPI\Framework\WebService\Exceptions\InvalidMimeTypeTest" file="/Users/matt/Sites/projects/rpi/WebServer/RPIFramework/Test/WebServer/RPIFramework/WebService/Exceptions/InvalidMimeTypeTest.php" namespace="RPI\Framework\Test\WebServer\RPI\Framework\WebService\Exceptions" fullPackage="RPIFramework.Test.WebServer.RPIFramework.WebService.Exceptions" tests="0" assertions="0" failures="0" errors="0" time="0.000000"/>
    <testsuite name="RPI\Framework\Test\WebServer\RPI\Framework\WebService\Exceptions\InvalidRequestTest" file="/Users/matt/Sites/projects/rpi/WebServer/RPIFramework/Test/WebServer/RPIFramework/WebService/Exceptions/InvalidRequestTest.php" namespace="RPI\Framework\Test\WebServer\RPI\Framework\WebService\Exceptions" fullPackage="RPIFramework.Test.WebServer.RPIFramework.WebService.Exceptions" tests="0" assertions="0" failures="0" errors="0" time="0.000000"/>
    <testsuite name="RPI\Framework\Test\WebServer\RPI\Framework\WebService\Exceptions\MethodTest" file="/Users/matt/Sites/projects/rpi/WebServer/RPIFramework/Test/WebServer/RPIFramework/WebService/Exceptions/MethodTest.php" namespace="RPI\Framework\Test\WebServer\RPI\Framework\WebService\Exceptions" fullPackage="RPIFramework.Test.WebServer.RPIFramework.WebService.Exceptions" tests="0" assertions="0" failures="0" errors="0" time="0.000000"/>
    <testsuite name="RPI\Framework\Test\WebServer\RPI\Framework\WebService\Exceptions\MissingMethodTest" file="/Users/matt/Sites/projects/rpi/WebServer/RPIFramework/Test/WebServer/RPIFramework/WebService/Exceptions/MissingMethodTest.php" namespace="RPI\Framework\Test\WebServer\RPI\Framework\WebService\Exceptions" fullPackage="RPIFramework.Test.WebServer.RPIFramework.WebService.Exceptions" tests="0" assertions="0" failures="0" errors="0" time="0.000000"/>
    <testsuite name="RPI\Framework\Test\WebServer\RPI\Framework\WebService\Exceptions\ServerErrorTest" file="/Users/matt/Sites/projects/rpi/WebServer/RPIFramework/Test/WebServer/RPIFramework/WebService/Exceptions/ServerErrorTest.php" namespace="RPI\Framework\Test\WebServer\RPI\Framework\WebService\Exceptions" fullPackage="RPIFramework.Test.WebServer.RPIFramework.WebService.Exceptions" tests="0" assertions="0" failures="0" errors="0" time="0.000000"/>
    <testsuite name="RPI\Framework\Test\WebServer\RPI\Framework\WebService\Exceptions\UnavailableTest" file="/Users/matt/Sites/projects/rpi/WebServer/RPIFramework/Test/WebServer/RPIFramework/WebService/Exceptions/UnavailableTest.php" namespace="RPI\Framework\Test\WebServer\RPI\Framework\WebService\Exceptions" fullPackage="RPIFramework.Test.WebServer.RPIFramework.WebService.Exceptions" tests="0" assertions="0" failures="0" errors="0" time="0.000000"/>
    <testsuite name="RPI\Framework\Test\WebServer\RPI\Framework\WebService\Exceptions\UnsupportedFormatTest" file="/Users/matt/Sites/projects/rpi/WebServer/RPIFramework/Test/WebServer/RPIFramework/WebService/Exceptions/UnsupportedFormatTest.php" namespace="RPI\Framework\Test\WebServer\RPI\Framework\WebService\Exceptions" fullPackage="RPIFramework.Test.WebServer.RPIFramework.WebService.Exceptions" tests="0" assertions="0" failures="0" errors="0" time="0.000000"/>
    <testsuite name="RPI\Framework\Test\WebServer\RPI\Framework\WebService\Exceptions\WebServiceTest" file="/Users/matt/Sites/projects/rpi/WebServer/RPIFramework/Test/WebServer/RPIFramework/WebService/Exceptions/WebServiceTest.php" namespace="RPI\Framework\Test\WebServer\RPI\Framework\WebService\Exceptions" fullPackage="RPIFramework.Test.WebServer.RPIFramework.WebService.Exceptions" tests="0" assertions="0" failures="0" errors="0" time="0.000000"/>
    <testsuite name="RPI\Framework\Test\WebServer\RPI\Framework\WebService\Handler\application_jsonTest" file="/Users/matt/Sites/projects/rpi/WebServer/RPIFramework/Test/WebServer/RPIFramework/WebService/Handler/application_jsonTest.php" namespace="RPI\Framework\Test\WebServer\RPI\Framework\WebService\Handler" fullPackage="RPIFramework.Test.WebServer.RPIFramework.WebService.Handler.application" tests="0" assertions="0" failures="0" errors="0" time="0.000000"/>
    <testsuite name="RPI\Framework\Test\WebServer\RPI\Framework\WebService\Handler\application_xmlTest" file="/Users/matt/Sites/projects/rpi/WebServer/RPIFramework/Test/WebServer/RPIFramework/WebService/Handler/application_xmlTest.php" namespace="RPI\Framework\Test\WebServer\RPI\Framework\WebService\Handler" fullPackage="RPIFramework.Test.WebServer.RPIFramework.WebService.Handler.application" tests="0" assertions="0" failures="0" errors="0" time="0.000000"/>
    <testsuite name="RPI\Framework\Test\WebServer\RPI\Framework\WebService\RequestMethodTest" file="/Users/matt/Sites/projects/rpi/WebServer/RPIFramework/Test/WebServer/RPIFramework/WebService/RequestMethodTest.php" namespace="RPI\Framework\Test\WebServer\RPI\Framework\WebService" fullPackage="RPIFramework.Test.WebServer.RPIFramework.WebService" tests="0" assertions="0" failures="0" errors="0" time="0.000000"/>
    <testsuite name="RPI\Framework\Test\WebServer\RPI\Framework\WebService\RequestTest" file="/Users/matt/Sites/projects/rpi/WebServer/RPIFramework/Test/WebServer/RPIFramework/WebService/RequestTest.php" namespace="RPI\Framework\Test\WebServer\RPI\Framework\WebService" fullPackage="RPIFramework.Test.WebServer.RPIFramework.WebService" tests="0" assertions="0" failures="0" errors="0" time="0.000000"/>
    <testsuite name="RPI\Framework\Test\WebServer\RPI\Framework\WebService\ResponseMethodTest" file="/Users/matt/Sites/projects/rpi/WebServer/RPIFramework/Test/WebServer/RPIFramework/WebService/ResponseMethodTest.php" namespace="RPI\Framework\Test\WebServer\RPI\Framework\WebService" fullPackage="RPIFramework.Test.WebServer.RPIFramework.WebService" tests="0" assertions="0" failures="0" errors="0" time="0.000000"/>
    <testsuite name="RPI\Framework\Test\WebServer\RPI\Framework\WebService\ResponseStatusTest" file="/Users/matt/Sites/projects/rpi/WebServer/RPIFramework/Test/WebServer/RPIFramework/WebService/ResponseStatusTest.php" namespace="RPI\Framework\Test\WebServer\RPI\Framework\WebService" fullPackage="RPIFramework.Test.WebServer.RPIFramework.WebService" tests="0" assertions="0" failures="0" errors="0" time="0.000000"/>
    <testsuite name="RPI\Framework\Test\WebServer\RPI\Framework\WebService\ResponseTest" file="/Users/matt/Sites/projects/rpi/WebServer/RPIFramework/Test/WebServer/RPIFramework/WebService/ResponseTest.php" namespace="RPI\Framework\Test\WebServer\RPI\Framework\WebService" fullPackage="RPIFramework.Test.WebServer.RPIFramework.WebService" tests="0" assertions="0" failures="0" errors="0" time="0.000000"/>
    <testsuite name="RPI\Framework\Test\WebServer\RPI\Framework\WebService\ServerTest" file="/Users/matt/Sites/projects/rpi/WebServer/RPIFramework/Test/WebServer/RPIFramework/WebService/ServerTest.php" namespace="RPI\Framework\Test\WebServer\RPI\Framework\WebService" fullPackage="RPIFramework.Test.WebServer.RPIFramework.WebService" tests="0" assertions="0" failures="0" errors="0" time="0.000000"/>
    <testsuite name="RPI\Framework\Test\WebServer\RPI\Framework\WebService\Services\ComponentTest" file="/Users/matt/Sites/projects/rpi/WebServer/RPIFramework/Test/WebServer/RPIFramework/WebService/Services/ComponentTest.php" namespace="RPI\Framework\Test\WebServer\RPI\Framework\WebService\Services" fullPackage="RPIFramework.Test.WebServer.RPIFramework.WebService.Services" tests="0" assertions="0" failures="0" errors="0" time="0.000000"/>
    <testsuite name="RPI\Framework\Test\WebServer\RPI\Framework\WebService\Services\ImageTest" file="/Users/matt/Sites/projects/rpi/WebServer/RPIFramework/Test/WebServer/RPIFramework/WebService/Services/ImageTest.php" namespace="RPI\Framework\Test\WebServer\RPI\Framework\WebService\Services" fullPackage="RPIFramework.Test.WebServer.RPIFramework.WebService.Services" tests="0" assertions="0" failures="0" errors="0" time="0.000000"/>
  </testsuite>
</testsuites>
